This is pdfTeX, Version 3.14159265-2.6-1.40.21 (MiKTeX 20.10) (preloaded format=pdflatex 2020.10.26)  24 NOV 2020 11:31
entering extended mode
**"./Relazione basi di dati.tex"
("Relazione basi di dati.tex"
LaTeX2e <2020-10-01> patch level 1
L3 programming layer <2020-10-05> xparse <2020-03-03>
(C:\Users\loris\AppData\Local\Programs\MiKTeX\tex/latex/base\article.cls
Document Class: article 2020/04/10 v1.4m Standard LaTeX document class
(C:\Users\loris\AppData\Local\Programs\MiKTeX\tex/latex/base\size10.clo
File: size10.clo 2020/04/10 v1.4m Standard LaTeX file (size option)
)
\c@part=\count175
\c@section=\count176
\c@subsection=\count177
\c@subsubsection=\count178
\c@paragraph=\count179
\c@subparagraph=\count180
\c@figure=\count181
\c@table=\count182
\abovecaptionskip=\skip47
\belowcaptionskip=\skip48
\bibindent=\dimen138
)
(C:\Users\loris\AppData\Local\Programs\MiKTeX\tex/latex/geometry\geometry.sty
Package: geometry 2020/01/02 v5.9 Page Geometry

(C:\Users\loris\AppData\Local\Programs\MiKTeX\tex/latex/graphics\keyval.sty
Package: keyval 2014/10/28 v1.15 key=value parser (DPC)
\KV@toks@=\toks15
)
(C:\Users\loris\AppData\Local\Programs\MiKTeX\tex/generic/iftex\ifvtex.sty
Package: ifvtex 2019/10/25 v1.7 ifvtex legacy package. Use iftex instead.

(C:\Users\loris\AppData\Local\Programs\MiKTeX\tex/generic/iftex\iftex.sty
Package: iftex 2020/03/06 v1.0d TeX engine tests
))
\Gm@cnth=\count183
\Gm@cntv=\count184
\c@Gm@tempcnt=\count185
\Gm@bindingoffset=\dimen139
\Gm@wd@mp=\dimen140
\Gm@odd@mp=\dimen141
\Gm@even@mp=\dimen142
\Gm@layoutwidth=\dimen143
\Gm@layoutheight=\dimen144
\Gm@layouthoffset=\dimen145
\Gm@layoutvoffset=\dimen146
\Gm@dimlist=\toks16

(C:\Users\loris\AppData\Local\Programs\MiKTeX\tex/latex/geometry\geometry.cfg))
(C:\Users\loris\AppData\Local\Programs\MiKTeX\tex/latex/base\fontenc.sty
Package: fontenc 2020/08/10 v2.0s Standard LaTeX package
)
(C:\Users\loris\AppData\Local\Programs\MiKTeX\tex/latex/base\inputenc.sty
Package: inputenc 2020/08/01 v1.3d Input encoding file
\inpenc@prehook=\toks17
\inpenc@posthook=\toks18
)
(C:\Users\loris\AppData\Local\Programs\MiKTeX\tex/generic/babel\babel.sty
Package: babel 2020/10/06 3.50 The Babel package

(C:\Users\loris\AppData\Local\Programs\MiKTeX\tex/generic/babel\babel.def
File: babel.def 2020/10/06 3.50 Babel common definitions
\babel@savecnt=\count186
\U@D=\dimen147
\l@babelnohyphens=\language79

(C:\Users\loris\AppData\Local\Programs\MiKTeX\tex/generic/babel\txtbabel.def)
\bbl@readstream=\read2
)
\bbl@dirlevel=\count187

*************************************
* Local config file bblopts.cfg used
*
(C:\Users\loris\AppData\Local\Programs\MiKTeX\tex/latex/arabi\bblopts.cfg
File: bblopts.cfg 2005/09/08 v0.1 add Arabic and Farsi to "declared" options of
 babel
)
(C:\Users\loris\AppData\Local\Programs\MiKTeX\tex/latex/babel-italian\italian.l
df
Language: italian 2020/05/21 v.1.4.04 Italian support for the babel system
\it@lettering=\count188
\it@doublequoteactive=\count189
\it@ISOcompliance=\count190
))
(C:\Users\loris\AppData\Local\Programs\MiKTeX\tex/latex/etoolbox\etoolbox.sty
Package: etoolbox 2020/10/05 v2.5k e-TeX tools for LaTeX (JAW)
\etb@tempcnta=\count191
)
(C:\Users\loris\AppData\Local\Programs\MiKTeX\tex/latex/graphics\graphicx.sty
Package: graphicx 2020/09/09 v1.2b Enhanced LaTeX Graphics (DPC,SPQR)

(C:\Users\loris\AppData\Local\Programs\MiKTeX\tex/latex/graphics\graphics.sty
Package: graphics 2020/08/30 v1.4c Standard LaTeX Graphics (DPC,SPQR)

(C:\Users\loris\AppData\Local\Programs\MiKTeX\tex/latex/graphics\trig.sty
Package: trig 2016/01/03 v1.10 sin cos tan (DPC)
)
(C:\Users\loris\AppData\Local\Programs\MiKTeX\tex/latex/graphics-cfg\graphics.c
fg
File: graphics.cfg 2016/06/04 v1.11 sample graphics configuration
)
Package graphics Info: Driver file: pdftex.def on input line 105.

(C:\Users\loris\AppData\Local\Programs\MiKTeX\tex/latex/graphics-def\pdftex.def
File: pdftex.def 2020/10/05 v1.2a Graphics/color driver for pdftex
))
\Gin@req@height=\dimen148
\Gin@req@width=\dimen149
)
(C:\Users\loris\AppData\Local\Programs\MiKTeX\tex/latex/cormorantgaramond\Cormo
rantGaramond.sty
Package: CormorantGaramond 2020/04/12 (Bob Tennent and autoinst) Style file for
 Cormorant Garamond fonts.

(C:\Users\loris\AppData\Local\Programs\MiKTeX\tex/generic/iftex\ifxetex.sty
Package: ifxetex 2019/10/25 v0.7 ifxetex legacy package. Use iftex instead.
)
(C:\Users\loris\AppData\Local\Programs\MiKTeX\tex/generic/iftex\ifluatex.sty
Package: ifluatex 2019/10/25 v1.5 ifluatex legacy package. Use iftex instead.
)
(C:\Users\loris\AppData\Local\Programs\MiKTeX\tex/latex/xkeyval\xkeyval.sty
Package: xkeyval 2014/12/03 v2.7a package option processing (HA)

(C:\Users\loris\AppData\Local\Programs\MiKTeX\tex/generic/xkeyval\xkeyval.tex
(C:\Users\loris\AppData\Local\Programs\MiKTeX\tex/generic/xkeyval\xkvutils.tex
\XKV@toks=\toks19
\XKV@tempa@toks=\toks20
)
\XKV@depth=\count192
File: xkeyval.tex 2014/12/03 v2.7a key=value parser (HA)
)) (C:\Users\loris\AppData\Local\Programs\MiKTeX\tex/latex/base\textcomp.sty
Package: textcomp 2020/02/02 v2.0n Standard LaTeX package
)
(C:\Users\loris\AppData\Local\Programs\MiKTeX\tex/latex/base\fontenc.sty
Package: fontenc 2020/08/10 v2.0s Standard LaTeX package
)
(C:\Users\loris\AppData\Local\Programs\MiKTeX\tex/latex/fontaxes\fontaxes.sty
Package: fontaxes 2020/07/21 v1.0e Font selection axes
LaTeX Info: Redefining \upshape on input line 29.
LaTeX Info: Redefining \itshape on input line 31.
LaTeX Info: Redefining \slshape on input line 33.
LaTeX Info: Redefining \swshape on input line 35.
LaTeX Info: Redefining \scshape on input line 37.
LaTeX Info: Redefining \sscshape on input line 39.
LaTeX Info: Redefining \ulcshape on input line 41.
LaTeX Info: Redefining \textsw on input line 47.
LaTeX Info: Redefining \textssc on input line 48.
LaTeX Info: Redefining \textulc on input line 49.
)
LaTeX Info: Redefining \oldstylenums on input line 133.
) (C:\Users\loris\AppData\Local\Programs\MiKTeX\tex/latex/titling\titling.sty
Package: titling 2009/09/04 v2.1d maketitle typesetting
\thanksmarkwidth=\skip49
\thanksmargin=\skip50
\droptitle=\skip51
)
(C:\Users\loris\AppData\Local\Programs\MiKTeX\tex/latex/hyperref\hyperref.sty
Package: hyperref 2020-05-15 v7.00e Hypertext links for LaTeX

(C:\Users\loris\AppData\Local\Programs\MiKTeX\tex/generic/ltxcmds\ltxcmds.sty
Package: ltxcmds 2020-05-10 v1.25 LaTeX kernel commands for general use (HO)
)
(C:\Users\loris\AppData\Local\Programs\MiKTeX\tex/generic/pdftexcmds\pdftexcmds
.sty
Package: pdftexcmds 2020-06-27 v0.33 Utility functions of pdfTeX for LuaTeX (HO
)

(C:\Users\loris\AppData\Local\Programs\MiKTeX\tex/generic/infwarerr\infwarerr.s
ty
Package: infwarerr 2019/12/03 v1.5 Providing info/warning/error messages (HO)
)
Package pdftexcmds Info: \pdf@primitive is available.
Package pdftexcmds Info: \pdf@ifprimitive is available.
Package pdftexcmds Info: \pdfdraftmode found.
)
(C:\Users\loris\AppData\Local\Programs\MiKTeX\tex/generic/kvsetkeys\kvsetkeys.s
ty
Package: kvsetkeys 2019/12/15 v1.18 Key value parser (HO)
)
(C:\Users\loris\AppData\Local\Programs\MiKTeX\tex/generic/kvdefinekeys\kvdefine
keys.sty
Package: kvdefinekeys 2019-12-19 v1.6 Define keys (HO)
)
(C:\Users\loris\AppData\Local\Programs\MiKTeX\tex/generic/pdfescape\pdfescape.s
ty
Package: pdfescape 2019/12/09 v1.15 Implements pdfTeX's escape features (HO)
) (C:\Users\loris\AppData\Local\Programs\MiKTeX\tex/latex/hycolor\hycolor.sty
Package: hycolor 2020-01-27 v1.10 Color options for hyperref/bookmark (HO)
)
(C:\Users\loris\AppData\Local\Programs\MiKTeX\tex/latex/letltxmacro\letltxmacro
.sty
Package: letltxmacro 2019/12/03 v1.6 Let assignment for LaTeX macros (HO)
)
(C:\Users\loris\AppData\Local\Programs\MiKTeX\tex/latex/auxhook\auxhook.sty
Package: auxhook 2019-12-17 v1.6 Hooks for auxiliary files (HO)
)
(C:\Users\loris\AppData\Local\Programs\MiKTeX\tex/latex/kvoptions\kvoptions.sty
Package: kvoptions 2020-10-07 v3.14 Key value format for package options (HO)
)
\@linkdim=\dimen150
\Hy@linkcounter=\count193
\Hy@pagecounter=\count194
 (C:\Users\loris\AppData\Local\Programs\MiKTeX\tex/latex/hyperref\pd1enc.def
File: pd1enc.def 2020-05-15 v7.00e Hyperref: PDFDocEncoding definition (HO)
Now handling font encoding PD1 ...
... no UTF-8 mapping file for font encoding PD1
)
(C:\Users\loris\AppData\Local\Programs\MiKTeX\tex/generic/intcalc\intcalc.sty
Package: intcalc 2019/12/15 v1.3 Expandable calculations with integers (HO)
)
(C:\Users\loris\AppData\Local\Programs\MiKTeX\tex/generic/etexcmds\etexcmds.sty
Package: etexcmds 2019/12/15 v1.7 Avoid name clashes with e-TeX commands (HO)
)
\Hy@SavedSpaceFactor=\count195
Package hyperref Info: Option `linktocpage' set `true' on input line 4338.
Package hyperref Info: Hyper figures OFF on input line 4464.
Package hyperref Info: Link nesting OFF on input line 4469.
Package hyperref Info: Hyper index ON on input line 4472.
Package hyperref Info: Plain pages OFF on input line 4479.
Package hyperref Info: Backreferencing OFF on input line 4484.
Package hyperref Info: Implicit mode ON; LaTeX internals redefined.
Package hyperref Info: Bookmarks ON on input line 4717.
\c@Hy@tempcnt=\count196
 (C:\Users\loris\AppData\Local\Programs\MiKTeX\tex/latex/url\url.sty
\Urlmuskip=\muskip16
Package: url 2013/09/16  ver 3.4  Verb mode for urls, etc.
)
LaTeX Info: Redefining \url on input line 5076.
\XeTeXLinkMargin=\dimen151

(C:\Users\loris\AppData\Local\Programs\MiKTeX\tex/generic/bitset\bitset.sty
Package: bitset 2019/12/09 v1.3 Handle bit-vector datatype (HO)

(C:\Users\loris\AppData\Local\Programs\MiKTeX\tex/generic/bigintcalc\bigintcalc
.sty
Package: bigintcalc 2019/12/15 v1.5 Expandable calculations on big integers (HO
)
))
\Fld@menulength=\count197
\Field@Width=\dimen152
\Fld@charsize=\dimen153
Package hyperref Info: Hyper figures OFF on input line 6347.
Package hyperref Info: Link nesting OFF on input line 6352.
Package hyperref Info: Hyper index ON on input line 6355.
Package hyperref Info: backreferencing OFF on input line 6362.
Package hyperref Info: Link coloring OFF on input line 6367.
Package hyperref Info: Link coloring with OCG OFF on input line 6372.
Package hyperref Info: PDF/A mode OFF on input line 6377.
LaTeX Info: Redefining \ref on input line 6417.
LaTeX Info: Redefining \pageref on input line 6421.

(C:\Users\loris\AppData\Local\Programs\MiKTeX\tex/latex/base\atbegshi-ltx.sty
Package: atbegshi-ltx 2020/08/17 v1.0a Emulation of the original atbegshi packa
ge
with kernel methods
)
\Hy@abspage=\count198
\c@Item=\count199
\c@Hfootnote=\count266
)
Package hyperref Info: Driver (autodetected): hpdftex.
(C:\Users\loris\AppData\Local\Programs\MiKTeX\tex/latex/hyperref\hpdftex.def
File: hpdftex.def 2020-05-15 v7.00e Hyperref driver for pdfTeX

(C:\Users\loris\AppData\Local\Programs\MiKTeX\tex/latex/base\atveryend-ltx.sty
Package: atveryend-ltx 2020/08/19 v1.0a Emulation of the original atvery packag
e
with kernel methods
)
\Fld@listcount=\count267
\c@bookmark@seq@number=\count268

(C:\Users\loris\AppData\Local\Programs\MiKTeX\tex/latex/rerunfilecheck\rerunfil
echeck.sty
Package: rerunfilecheck 2019/12/05 v1.9 Rerun checks for auxiliary files (HO)

(C:\Users\loris\AppData\Local\Programs\MiKTeX\tex/generic/uniquecounter\uniquec
ounter.sty
Package: uniquecounter 2019/12/15 v1.4 Provide unlimited unique counter (HO)
)
Package uniquecounter Info: New unique counter `rerunfilecheck' on input line 2
86.
)
\Hy@SectionHShift=\skip52
)
LaTeX Font Info:    Trying to load font information for T1+CormorantGaramond-LF
 on input line 19.

(C:\Users\loris\AppData\Local\Programs\MiKTeX\tex/latex/cormorantgaramond\t1cor
morantgaramond-lf.fd
File: T1CormorantGaramond-LF.fd 2019/12/11 (autoinst) Font definitions for T1/C
ormorantGaramond-LF.
)
LaTeX Font Info:    Font shape `T1/CormorantGaramond-LF/m/n' aliased to
(Font)              `T1/CormorantGaramond-LF/regular/n' on input line 19.
LaTeX Font Info:    Font shape `T1/CormorantGaramond-LF/regular/n' will be
(Font)              scaled to size 10.0pt on input line 19.

(C:\Users\loris\AppData\Local\Programs\MiKTeX\tex/latex/l3backend\l3backend-pdf
tex.def
File: l3backend-pdftex.def 2020-09-24 L3 backend support: PDF output (pdfTeX)
\l__kernel_color_stack_int=\count269
\l__pdf_internal_box=\box47
) ("Relazione basi di dati.aux")
\openout1 = `"Relazione basi di dati.aux"'.

LaTeX Font Info:    Checking defaults for OML/cmm/m/it on input line 19.
LaTeX Font Info:    ... okay on input line 19.
LaTeX Font Info:    Checking defaults for OMS/cmsy/m/n on input line 19.
LaTeX Font Info:    ... okay on input line 19.
LaTeX Font Info:    Checking defaults for OT1/cmr/m/n on input line 19.
LaTeX Font Info:    ... okay on input line 19.
LaTeX Font Info:    Checking defaults for T1/cmr/m/n on input line 19.
LaTeX Font Info:    ... okay on input line 19.
LaTeX Font Info:    Checking defaults for TS1/cmr/m/n on input line 19.
LaTeX Font Info:    ... okay on input line 19.
LaTeX Font Info:    Checking defaults for OMX/cmex/m/n on input line 19.
LaTeX Font Info:    ... okay on input line 19.
LaTeX Font Info:    Checking defaults for U/cmr/m/n on input line 19.
LaTeX Font Info:    ... okay on input line 19.
LaTeX Font Info:    Checking defaults for PD1/pdf/m/n on input line 19.
LaTeX Font Info:    ... okay on input line 19.

*geometry* driver: auto-detecting
*geometry* detected driver: pdftex
*geometry* verbose mode - [ preamble ] result:
* driver: pdftex
* paper: legalpaper
* layout: <same size as paper>
* layoutoffset:(h,v)=(0.0pt,0.0pt)
* modes: 
* h-part:(L,W,R)=(72.26999pt, 469.75502pt, 72.26999pt)
* v-part:(T,H,B)=(72.26999pt, 867.24002pt, 72.26999pt)
* \paperwidth=614.295pt
* \paperheight=1011.78pt
* \textwidth=469.75502pt
* \textheight=867.24002pt
* \oddsidemargin=0.0pt
* \evensidemargin=0.0pt
* \topmargin=-37.0pt
* \headheight=12.0pt
* \headsep=25.0pt
* \topskip=10.0pt
* \footskip=30.0pt
* \marginparwidth=65.0pt
* \marginparsep=11.0pt
* \columnsep=10.0pt
* \skip\footins=9.0pt plus 4.0pt minus 2.0pt
* \hoffset=0.0pt
* \voffset=0.0pt
* \mag=1000
* \@twocolumnfalse
* \@twosidefalse
* \@mparswitchfalse
* \@reversemarginfalse
* (1in=72.27pt=25.4mm, 1cm=28.453pt)

LaTeX Info: Redefining \it@ocap on input line 19.
LaTeX Info: Redefining \it@ccap on input line 19.

(C:\Users\loris\AppData\Local\Programs\MiKTeX\tex/context/base/mkii\supp-pdf.mk
ii
[Loading MPS to PDF converter (version 2006.09.02).]
\scratchcounter=\count270
\scratchdimen=\dimen154
\scratchbox=\box48
\nofMPsegments=\count271
\nofMParguments=\count272
\everyMPshowfont=\toks21
\MPscratchCnt=\count273
\MPscratchDim=\dimen155
\MPnumerator=\count274
\makeMPintoPDFobject=\count275
\everyMPtoPDFconversion=\toks22
)
(C:\Users\loris\AppData\Local\Programs\MiKTeX\tex/latex/epstopdf-pkg\epstopdf-b
ase.sty
Package: epstopdf-base 2020-01-24 v2.11 Base part for package epstopdf
Package epstopdf-base Info: Redefining graphics rule for `.eps' on input line 4
85.
)
\c@mv@tabular=\count276
\c@mv@boldtabular=\count277
Package hyperref Info: Link coloring OFF on input line 19.

(C:\Users\loris\AppData\Local\Programs\MiKTeX\tex/latex/hyperref\nameref.sty
Package: nameref 2019/09/16 v2.46 Cross-referencing by name of section

(C:\Users\loris\AppData\Local\Programs\MiKTeX\tex/latex/refcount\refcount.sty
Package: refcount 2019/12/15 v3.6 Data extraction from label references (HO)
)
(C:\Users\loris\AppData\Local\Programs\MiKTeX\tex/generic/gettitlestring\gettit
lestring.sty
Package: gettitlestring 2019/12/15 v1.6 Cleanup title references (HO)
)
\c@section@level=\count278
)
LaTeX Info: Redefining \ref on input line 19.
LaTeX Info: Redefining \pageref on input line 19.
LaTeX Info: Redefining \nameref on input line 19.
 ("Relazione basi di dati.out") ("Relazione basi di dati.out")
\@outlinefile=\write3
\openout3 = `"Relazione basi di dati.out"'.

LaTeX Font Info:    Font shape `T1/CormorantGaramond-LF/m/n' aliased to
(Font)              `T1/CormorantGaramond-LF/regular/n' on input line 20.
LaTeX Font Info:    Font shape `T1/CormorantGaramond-LF/regular/n' will be
(Font)              scaled to size 12.0pt on input line 20.
LaTeX Font Info:    Font shape `T1/CormorantGaramond-LF/m/n' aliased to
(Font)              `T1/CormorantGaramond-LF/regular/n' on input line 24.
LaTeX Font Info:    Font shape `T1/CormorantGaramond-LF/regular/n' will be
(Font)              scaled to size 17.28pt on input line 24.
LaTeX Font Info:    Font shape `T1/CormorantGaramond-LF/b/n' aliased to
(Font)              `T1/CormorantGaramond-LF/bold/n' on input line 24.
LaTeX Font Info:    Font shape `T1/CormorantGaramond-LF/bold/n' will be
(Font)              scaled to size 17.28pt on input line 24.
LaTeX Font Info:    External font `cmex10' loaded for size
(Font)              <12> on input line 24.
LaTeX Font Info:    External font `cmex10' loaded for size
(Font)              <8> on input line 24.
LaTeX Font Info:    External font `cmex10' loaded for size
(Font)              <6> on input line 24.
LaTeX Font Info:    Font shape `T1/CormorantGaramond-LF/m/it' aliased to
(Font)              `T1/CormorantGaramond-LF/regular/it' on input line 24.
LaTeX Font Info:    Font shape `T1/CormorantGaramond-LF/regular/it' will be
(Font)              scaled to size 12.0pt on input line 24.
<image/Udine.jpg, id=231, 685.56125pt x 255.95625pt>
File: image/Udine.jpg Graphic file (type jpg)
<use image/Udine.jpg>
Package pdftex.def Info: image/Udine.jpg  used on input line 26.
(pdftex.def)             Requested size: 284.52756pt x 106.23157pt.
LaTeX Font Info:    Font shape `T1/CormorantGaramond-LF/b/n' aliased to
(Font)              `T1/CormorantGaramond-LF/bold/n' on input line 30.
LaTeX Font Info:    Font shape `T1/CormorantGaramond-LF/bold/n' will be
(Font)              scaled to size 12.0pt on input line 30.
LaTeX Font Info:    Trying to load font information for TS1+CormorantGaramond-L
F on input line 32.

(C:\Users\loris\AppData\Local\Programs\MiKTeX\tex/latex/cormorantgaramond\ts1co
rmorantgaramond-lf.fd
File: TS1CormorantGaramond-LF.fd 2019/12/11 (autoinst) Font definitions for TS1
/CormorantGaramond-LF.
)
LaTeX Font Info:    Font shape `TS1/CormorantGaramond-LF/m/n' aliased to
(Font)              `TS1/CormorantGaramond-LF/regular/n' on input line 32.
LaTeX Font Info:    Font shape `TS1/CormorantGaramond-LF/regular/n' will be
(Font)              scaled to size 12.0pt on input line 32.
 [1

{C:/Users/loris/AppData/Local/MiKTeX/pdftex/config/pdftex.map} <./image/Udine.j
pg>]
LaTeX Font Info:    Font shape `T1/CormorantGaramond-LF/m/n' aliased to
(Font)              `T1/CormorantGaramond-LF/regular/n' on input line 43.
LaTeX Font Info:    Font shape `T1/CormorantGaramond-LF/regular/n' will be
(Font)              scaled to size 14.4pt on input line 43.
LaTeX Font Info:    Font shape `T1/CormorantGaramond-LF/b/n' aliased to
(Font)              `T1/CormorantGaramond-LF/bold/n' on input line 43.
LaTeX Font Info:    Font shape `T1/CormorantGaramond-LF/bold/n' will be
(Font)              scaled to size 14.4pt on input line 43.
 ("Relazione basi di dati.toc" [2])
\tf@toc=\write4
\openout4 = `"Relazione basi di dati.toc"'.

 [3]
Underfull \hbox (badness 10000) in paragraph at lines 49--59

 []


Underfull \hbox (badness 10000) in paragraph at lines 49--59

 []

[4]
Underfull \hbox (badness 1748) in paragraph at lines 102--102
\T1/CormorantGaramond-LF/regular/n/12 en-te pub-bli-co che ef-fet-tue-rà una ri
-chie-sta di
 []


Underfull \hbox (badness 10000) in paragraph at lines 104--104
[]\T1/CormorantGaramond-LF/regular/it/12 Richiesta
 []


Underfull \hbox (badness 3323) in paragraph at lines 108--108
[]\T1/CormorantGaramond-LF/regular/n/12 dipendente del-l'a-zien-da di as-si-ste
n-za, spe-cia-
 []


Underfull \hbox (badness 2042) in paragraph at lines 108--108
\T1/CormorantGaramond-LF/regular/n/12 liz-za-to nel-la ri-so-lu-zio-ne di va-ri
e ti-po-lo-gie di
 []


Underfull \hbox (badness 10000) in paragraph at lines 88--114

 []


Overfull \hbox (16.5362pt too wide) in paragraph at lines 88--114
 []
 []

[5]
Underfull \hbox (badness 10000) in paragraph at lines 116--172

 []

[6]
LaTeX Font Info:    Font shape `T1/CormorantGaramond-LF/m/n' aliased to
(Font)              `T1/CormorantGaramond-LF/regular/n' on input line 178.
LaTeX Font Info:    Font shape `T1/CormorantGaramond-LF/regular/n' will be
(Font)              scaled to size 8.0pt on input line 178.
LaTeX Font Info:    External font `cmex10' loaded for size
(Font)              <5> on input line 178.
LaTeX Font Info:    Font shape `T1/CormorantGaramond-LF/m/n' aliased to
(Font)              `T1/CormorantGaramond-LF/regular/n' on input line 178.
LaTeX Font Info:    Font shape `T1/CormorantGaramond-LF/regular/n' will be
(Font)              scaled to size 6.0pt on input line 178.
LaTeX Font Info:    Font shape `T1/CormorantGaramond-LF/b/n' aliased to
(Font)              `T1/CormorantGaramond-LF/bold/n' on input line 178.
LaTeX Font Info:    Font shape `T1/CormorantGaramond-LF/bold/n' will be
(Font)              scaled to size 8.0pt on input line 178.
 [7] [8]
Underfull \hbox (badness 10000) in paragraph at lines 229--232

 []

<image/schema_er.png, id=331, 1317.92375pt x 543.02875pt>
File: image/schema_er.png Graphic file (type png)
<use image/schema_er.png>
Package pdftex.def Info: image/schema_er.png  used on input line 235.
(pdftex.def)             Requested size: 516.73338pt x 212.91553pt.

Overfull \hbox (46.97836pt too wide) in paragraph at lines 235--236
 [][] 
 []

LaTeX Font Info:    Font shape `T1/CormorantGaramond-LF/b/n' aliased to
(Font)              `T1/CormorantGaramond-LF/bold/n' on input line 241.
LaTeX Font Info:    Font shape `T1/CormorantGaramond-LF/bold/n' will be
(Font)              scaled to size 10.0pt on input line 241.
<image/ciclo.png, id=333, 813.0375pt x 462.72874pt>
File: image/ciclo.png Graphic file (type png)
<use image/ciclo.png>
Package pdftex.def Info: image/ciclo.png  used on input line 248.
(pdftex.def)             Requested size: 375.80544pt x 213.88159pt.
[9 <./image/schema_er.png> <./image/ciclo.png>] [10]
<image/generalizzazione.png, id=347, 488.82625pt x 505.89pt>
File: image/generalizzazione.png Graphic file (type png)
<use image/generalizzazione.png>
Package pdftex.def Info: image/generalizzazione.png  used on input line 274.
(pdftex.def)             Requested size: 187.89914pt x 194.45561pt.
<image/entita_debole.png, id=348, 577.15625pt x 246.9225pt>
File: image/entita_debole.png Graphic file (type png)
<use image/entita_debole.png>
Package pdftex.def Info: image/entita_debole.png  used on input line 280.
(pdftex.def)             Requested size: 187.89914pt x 80.38826pt.

Underfull \hbox (badness 10000) in paragraph at lines 286--293

 []


Underfull \hbox (badness 10000) in paragraph at lines 294--298

 []


Underfull \hbox (badness 10000) in paragraph at lines 299--302

 []


Underfull \hbox (badness 10000) in paragraph at lines 303--309

 []

[11 <./image/generalizzazione.png> <./image/entita_debole.png>]
Underfull \hbox (badness 10000) in paragraph at lines 311--315

 []

[12]
Underfull \hbox (badness 10000) in paragraph at lines 342--346

 []


Underfull \hbox (badness 10000) in paragraph at lines 342--346

 []

<../Parata/Schema Prog. Logica.png, id=364, 188.80537pt x 366.46913pt>
File: ../Parata/Schema Prog. Logica.png Graphic file (type png)
<use ../Parata/Schema Prog. Logica.png>
Package pdftex.def Info: ../Parata/Schema Prog. Logica.png  used on input line 
362.
(pdftex.def)             Requested size: 113.81102pt x 220.9009pt.

Underfull \hbox (badness 10000) in paragraph at lines 365--389

 []

[13 <../Parata/Schema Prog. Logica.png>] [14]
Underfull \hbox (badness 10000) in paragraph at lines 430--433

 []

[15] [16] [17] [18] [19] [20] ("Relazione basi di dati.aux")

Package rerunfilecheck Warning: File `"Relazione basi di dati".out' has changed
.
(rerunfilecheck)                Rerun to get outlines right
(rerunfilecheck)                or use package `bookmark'.

Package rerunfilecheck Info: Checksums for `"Relazione basi di dati".out':
(rerunfilecheck)             Before: 350D886C4530BF47D82845604F277FBD;4184
(rerunfilecheck)             After:  3A7A5A376BDC65E9ED4F28C808BBC1FB;4127.
 ) 
Here is how much of TeX's memory you used:
 7784 strings out of 480236
 125480 string characters out of 2880557
 453123 words of memory out of 3000000
 24085 multiletter control sequences out of 15000+200000
 599396 words of font info for 63 fonts, out of 3000000 for 9000
 1141 hyphenation exceptions out of 8191
 60i,8n,66p,515b,494s stack positions out of 5000i,500n,10000p,200000b,50000s
{C:/Users/loris/AppData/Local/Programs/MiKTeX/fonts/enc/dvips/cormorantgaramo
nd/cgrm_v7t4yx.enc}{C:/Users/loris/AppData/Local/Programs/MiKTeX/fonts/enc/dvip
s/cormorantgaramond/cgrm_xwhmgi.enc}{C:/Users/loris/AppData/Local/Programs/MiKT
eX/fonts/enc/dvips/cormorantgaramond/cgrm_yah5fp.enc}<C:/Users/loris/AppData/Lo
cal/Programs/MiKTeX/fonts/type1/catharsis/cormorantgaramond/CormorantGaramond-B
old.pfb><C:/Users/loris/AppData/Local/Programs/MiKTeX/fonts/type1/catharsis/cor
morantgaramond/CormorantGaramond-Italic.pfb><C:/Users/loris/AppData/Local/Progr
ams/MiKTeX/fonts/type1/catharsis/cormorantgaramond/CormorantGaramond-Regular.pf
b>
Output written on "Relazione basi di dati.pdf" (20 pages, 462071 bytes).
PDF statistics:
 436 PDF objects out of 1000 (max. 8388607)
 88 named destinations out of 1000 (max. 500000)
 487 words of extra memory for PDF output out of 10000 (max. 10000000)

